2025-10-17 08:56:29 | POST /Agrohub_Engine/api/auth.php?action=verify
2025-10-17 08:56:29 | POST /Agrohub_Engine/api/auth.php?action=verify
2025-10-17 09:06:53 | POST /Agrohub_Engine/api/auth.php?action=verify
2025-10-17 09:06:53 | POST /Agrohub_Engine/api/auth.php?action=verify
2025-10-17 09:07:49 | POST /Agrohub_Engine/api/auth.php?action=login
2025-10-17 09:19:20 | POST /Agrohub_Engine/api/auth.php?action=verify
2025-10-17 09:19:20 | POST /Agrohub_Engine/api/auth.php?action=verify
2025-10-17 09:19:28 | POST /Agrohub_Engine/api/auth.php?action=login
2025-10-17 09:21:21 | POST /Agrohub_Engine/api/auth.php?action=verify | request received
2025-10-17 09:21:21 | POST /Agrohub_Engine/api/auth.php?action=verify | request received
2025-10-17 09:21:35 | POST /Agrohub_Engine/api/auth.php?action=verify | request received
2025-10-17 09:21:35 | POST /Agrohub_Engine/api/auth.php?action=verify | request received
2025-10-17 09:22:12 | POST /Agrohub_Engine/api/auth.php?action=verify | request received
2025-10-17 09:22:12 | POST /Agrohub_Engine/api/auth.php?action=verify | request received
2025-10-17 09:22:25 | POST /Agrohub_Engine/api/auth.php?action=verify | request received
2025-10-17 09:22:25 | POST /Agrohub_Engine/api/auth.php?action=verify | request received
2025-10-17 09:23:14 | POST /Agrohub_Engine/api/auth.php?action=verify | request received
2025-10-17 09:23:14 | POST /Agrohub_Engine/api/auth.php?action=verify | request received
2025-10-17 09:24:05 | POST /Agrohub_Engine/api/auth.php?action=verify | request received
2025-10-17 09:24:05 | POST /Agrohub_Engine/api/auth.php?action=verify | request received
2025-10-17 09:47:29 | POST /Agrohub_Engine/api/auth.php?action=verify | request received
2025-10-17 09:47:29 | POST /Agrohub_Engine/api/auth.php?action=verify | request received
2025-10-17 09:47:41 | POST /Agrohub_Engine/api/auth.php?action=verify | request received
2025-10-17 09:47:41 | POST /Agrohub_Engine/api/auth.php?action=verify | request received
2025-10-17 09:48:48 | POST /Agrohub_Engine/api/auth.php?action=verify | request received
2025-10-17 09:48:48 | POST /Agrohub_Engine/api/auth.php?action=verify | request received
2025-10-17 09:57:13 | POST /Agrohub_Engine/api/auth.php?action=verify | request received
2025-10-17 09:57:13 | POST /Agrohub_Engine/api/auth.php?action=verify | request received
2025-10-17 10:08:57 | POST /Agrohub_Engine/api/auth.php?action=verify | request received
2025-10-17 10:08:57 | POST /Agrohub_Engine/api/auth.php?action=verify | request received
2025-10-17 10:09:27 | POST /Agrohub_Engine/api/auth.php?action=login | request received
2025-10-17 10:11:39 | POST /Agrohub_Engine/api/auth.php?action=verify | request received
2025-10-17 10:11:39 | POST /Agrohub_Engine/api/auth.php?action=verify | request received
2025-10-17 10:12:35 | POST /Agrohub_Engine/api/auth.php?action=verify | request received
2025-10-17 10:12:35 | POST /Agrohub_Engine/api/auth.php?action=verify | request received
2025-10-17 10:14:25 | POST /Agrohub_Engine/api/auth.php?action=verify | request received
2025-10-17 10:14:25 | POST /Agrohub_Engine/api/auth.php?action=verify | request received
2025-10-17 10:14:31 | POST /Agrohub_Engine/api/auth.php?action=verify | request received
2025-10-17 10:14:31 | POST /Agrohub_Engine/api/auth.php?action=verify | request received
2025-10-17 10:16:47 | POST /Agrohub_Engine/api/auth.php?action=login | request received
2025-10-17 10:19:41 | POST /Agrohub_Engine/api/auth.php?action=verify | request received
2025-10-17 10:19:41 | POST /Agrohub_Engine/api/auth.php?action=verify | request received
2025-10-17 10:20:38 | POST /Agrohub_Engine/api/auth.php?action=verify | request received
2025-10-17 10:20:38 | POST /Agrohub_Engine/api/auth.php?action=verify | request received
2025-10-17 10:22:00 | POST /Agrohub_Engine/api/auth.php?action=verify | request received
2025-10-17 10:22:00 | POST /Agrohub_Engine/api/auth.php?action=verify | request received
2025-10-17 10:23:09 | POST /Agrohub_Engine/api/auth.php?action=verify | request received
2025-10-17 10:23:09 | POST /Agrohub_Engine/api/auth.php?action=verify | request received
2025-10-17 10:23:33 | POST /Agrohub_Engine/api/auth.php?action=login | request received
2025-10-17 10:25:50 | POST /Agrohub_Engine/api/auth.php?action=verify | request received
2025-10-17 10:25:50 | POST /Agrohub_Engine/api/auth.php?action=verify | request received
2025-10-17 10:26:11 | POST /Agrohub_Engine/api/auth.php?action=login | request received
2025-10-17 10:29:49 | POST /Agrohub_Engine/api/auth.php?action=login | request received
2025-10-17 10:30:20 | POST /Agrohub_Engine/api/auth.php?action=verify | request received
2025-10-17 10:30:20 | POST /Agrohub_Engine/api/auth.php?action=verify | request received
2025-10-17 10:30:46 | POST /Agrohub_Engine/api/auth.php?action=verify | request received
2025-10-17 10:30:46 | POST /Agrohub_Engine/api/auth.php?action=verify | request received
2025-10-17 10:32:52 | POST /Agrohub_Engine/api/auth.php?action=verify | request received
2025-10-17 10:32:52 | POST /Agrohub_Engine/api/auth.php?action=verify | request received
2025-10-17 11:02:53 | POST /Agrohub_Engine/api/auth.php?action=verify | request received
2025-10-17 11:02:53 | POST /Agrohub_Engine/api/auth.php?action=verify | request received
2025-10-17 11:04:46 | POST /Agrohub_Engine/api/auth.php?action=verify | request received
2025-10-17 11:04:46 | POST /Agrohub_Engine/api/auth.php?action=verify | request received
2025-10-17 11:10:29 | POST /Agrohub_Engine/api/auth.php?action=verify | request received
2025-10-17 11:10:29 | POST /Agrohub_Engine/api/auth.php?action=verify | request received
2025-10-17 11:10:41 | POST /Agrohub_Engine/api/auth.php?action=login | request received
2025-10-17 11:11:10 | POST /Agrohub_Engine/api/auth.php | request received
